<?xml version="1.0" encoding="UTF-8"?>
<!-- Generated by org.testng.reporters.JUnitXMLReporter -->
<testsuite ignored="0" hostname="baudouin-Lenovo-V320-17IKB" failures="3" tests="5" name="BankingApp Test_XLS" time="60.936" errors="0" timestamp="20 Mar 2020 15:58:52 GMT">
  <testcase classname="com.Ebanking.testCases.TC_LoginTest_XLS" name="loginDDT" time="30.09"/>
  <testcase classname="com.Ebanking.testCases.TC_LoginTest_XLS" name="loginDDT" time="6.342">
    <failure type="junit.framework.AssertionFailedError">
      <![CDATA[junit.framework.AssertionFailedError
at junit.framework.Assert.fail(Assert.java:47)
at junit.framework.Assert.assertTrue(Assert.java:20)
at junit.framework.Assert.assertTrue(Assert.java:27)
at com.Ebanking.testCases.TC_LoginTest_XLS.loginDDT(TC_LoginTest_XLS.java:35)
... Removed 25 stack frames]]>
    </failure>
  </testcase> <!-- loginDDT -->
  <testcase classname="com.Ebanking.testCases.TC_LoginTest_XLS" name="loginDDT" time="4.561">
    <failure type="junit.framework.AssertionFailedError">
      <![CDATA[junit.framework.AssertionFailedError
at junit.framework.Assert.fail(Assert.java:47)
at junit.framework.Assert.assertTrue(Assert.java:20)
at junit.framework.Assert.assertTrue(Assert.java:27)
at com.Ebanking.testCases.TC_LoginTest_XLS.loginDDT(TC_LoginTest_XLS.java:35)
... Removed 25 stack frames]]>
    </failure>
  </testcase> <!-- loginDDT -->
  <testcase classname="com.Ebanking.testCases.TC_LoginTest_XLS" name="loginDDT" time="10.427"/>
  <testcase classname="com.Ebanking.testCases.TC_LoginTest_XLS" name="loginDDT" time="0.044">
    <failure type="java.lang.IllegalArgumentException" message="Keys to send should be a not null CharSequence">
      <![CDATA[java.lang.IllegalArgumentException: Keys to send should be a not null CharSequence
at org.openqa.selenium.remote.RemoteWebElement.sendKeys(RemoteWebElement.java:97)
at org.openqa.selenium.support.pagefactory.internal.LocatingElementHandler.invoke(LocatingElementHandler.java:51)
at com.sun.proxy.$Proxy16.sendKeys(Unknown Source)
at com.Ebanking.pageObjects.loginPage.setUserName(loginPage.java:35)
at com.Ebanking.testCases.TC_LoginTest_XLS.loginDDT(TC_LoginTest_XLS.java:21)
... Removed 29 stack frames]]>
    </failure>
  </testcase> <!-- loginDDT -->
</testsuite> <!-- BankingApp Test_XLS -->
