<?xml version="1.0" encoding="UTF-8"?>
<!-- Generated by org.testng.reporters.JUnitXMLReporter -->
<testsuite ignored="0" hostname="baudouin-Lenovo-V320-17IKB" failures="0" tests="2" name="BankingApp Test" time="30.18" errors="0" timestamp="21 Mar 2020 11:46:27 GMT">
  <testcase classname="com.Ebanking.testCases.TC_LoginTest" name="LoginTest" time="1.543"/>
  <testcase classname="com.Ebanking.testCases.TC_AddCustomerTest" name="addNewCustomer" time="19.953"/>
</testsuite> <!-- BankingApp Test -->
