<?xml version="1.0" encoding="UTF-8"?>
<!-- Generated by org.testng.reporters.JUnitXMLReporter -->
<testsuite ignored="0" hostname="baudouin-Lenovo-V320-17IKB" failures="0" tests="2" name="BankingApp Test" time="29.661" errors="0" timestamp="21 Mar 2020 11:14:11 GMT">
  <testcase classname="com.Ebanking.testCases.TC_LoginTest" name="LoginTest" time="1.62"/>
  <testcase classname="com.Ebanking.testCases.TC_AddCustomerTest" name="addNewCustomer" time="20.01"/>
</testsuite> <!-- BankingApp Test -->
